<?xml version="1.0" encoding="utf-8"?><testsuites name="pytest tests"><testsuite name="pytest" errors="0" failures="0" skipped="0" tests="9" time="1.152" timestamp="2026-05-20T12:49:52.117673+00:00" hostname="agent-env-80cc2a9f-df41-4ebb-a59a-be1428609392"><testcase classname="backend.tests.backend_test.TestHealth" name="test_root" time="0.312" /><testcase classname="backend.tests.backend_test.TestNewsletter" name="test_subscribe_valid" time="0.113" /><testcase classname="backend.tests.backend_test.TestNewsletter" name="test_subscribe_invalid_email" time="0.061" /><testcase classname="backend.tests.backend_test.TestNewsletter" name="test_subscribe_idempotent" time="0.107" /><testcase classname="backend.tests.backend_test.TestNewsletter" name="test_list_newsletter" time="0.105" /><testcase classname="backend.tests.backend_test.TestContact" name="test_submit_valid" time="0.055" /><testcase classname="backend.tests.backend_test.TestContact" name="test_submit_invalid_email" time="0.051" /><testcase classname="backend.tests.backend_test.TestContact" name="test_submit_missing_fields" time="0.053" /><testcase classname="backend.tests.backend_test.TestContact" name="test_list_contact" time="0.106" /></testsuite></testsuites>